  castleType.cpp
  ChessGame.cpp
C:\Users\Aaron\source\repos\Chess-Game\ChessGame\ChessGame.cpp(81,26): warning C4244:  '=': conversion from 'T' to 'int', possible loss of data
C:\Users\Aaron\source\repos\Chess-Game\ChessGame\ChessGame.cpp(81,26): warning C4244:         with
C:\Users\Aaron\source\repos\Chess-Game\ChessGame\ChessGame.cpp(81,26): warning C4244:         [
C:\Users\Aaron\source\repos\Chess-Game\ChessGame\ChessGame.cpp(81,26): warning C4244:             T=float
C:\Users\Aaron\source\repos\Chess-Game\ChessGame\ChessGame.cpp(81,26): warning C4244:         ]
C:\Users\Aaron\source\repos\Chess-Game\ChessGame\ChessGame.cpp(82,26): warning C4244:  '=': conversion from 'T' to 'int', possible loss of data
C:\Users\Aaron\source\repos\Chess-Game\ChessGame\ChessGame.cpp(82,26): warning C4244:         with
C:\Users\Aaron\source\repos\Chess-Game\ChessGame\ChessGame.cpp(82,26): warning C4244:         [
C:\Users\Aaron\source\repos\Chess-Game\ChessGame\ChessGame.cpp(82,26): warning C4244:             T=float
C:\Users\Aaron\source\repos\Chess-Game\ChessGame\ChessGame.cpp(82,26): warning C4244:         ]
C:\Users\Aaron\source\repos\Chess-Game\ChessGame\ChessGame.cpp(106,16): warning C4244:  'initializing': conversion from 'double' to 'float', possible loss of data
C:\Users\Aaron\source\repos\Chess-Game\ChessGame\ChessGame.cpp(107,16): warning C4244:  'initializing': conversion from 'double' to 'float', possible loss of data
C:\Users\Aaron\source\repos\Chess-Game\ChessGame\ChessGame.cpp(113,41): warning C4244:  'argument': conversion from 'float' to 'int', possible loss of data
C:\Users\Aaron\source\repos\Chess-Game\ChessGame\ChessGame.cpp(113,35): warning C4244:  'argument': conversion from 'float' to 'int', possible loss of data
C:\Users\Aaron\source\repos\Chess-Game\ChessGame\ChessGame.cpp(151,43): warning C4244:  'argument': conversion from 'int' to 'float', possible loss of data
C:\Users\Aaron\source\repos\Chess-Game\ChessGame\ChessGame.cpp(151,36): warning C4244:  'argument': conversion from 'int' to 'float', possible loss of data
C:\Users\Aaron\source\repos\Chess-Game\ChessGame\ChessGame.cpp(197,28): warning C4244:  'argument': conversion from 'int' to 'float', possible loss of data
C:\Users\Aaron\source\repos\Chess-Game\ChessGame\ChessGame.cpp(197,25): warning C4244:  'argument': conversion from 'int' to 'float', possible loss of data
C:\Users\Aaron\source\repos\Chess-Game\ChessGame\ChessGame.cpp(210,28): warning C4244:  'argument': conversion from 'int' to 'float', possible loss of data
C:\Users\Aaron\source\repos\Chess-Game\ChessGame\ChessGame.cpp(210,25): warning C4244:  'argument': conversion from 'int' to 'float', possible loss of data
C:\Users\Aaron\source\repos\Chess-Game\ChessGame\ChessGame.cpp(306,19): warning C4244:  '=': conversion from 'T' to 'int', possible loss of data
C:\Users\Aaron\source\repos\Chess-Game\ChessGame\ChessGame.cpp(306,19): warning C4244:         with
C:\Users\Aaron\source\repos\Chess-Game\ChessGame\ChessGame.cpp(306,19): warning C4244:         [
C:\Users\Aaron\source\repos\Chess-Game\ChessGame\ChessGame.cpp(306,19): warning C4244:             T=float
C:\Users\Aaron\source\repos\Chess-Game\ChessGame\ChessGame.cpp(306,19): warning C4244:         ]
C:\Users\Aaron\source\repos\Chess-Game\ChessGame\ChessGame.cpp(307,19): warning C4244:  '=': conversion from 'T' to 'int', possible loss of data
C:\Users\Aaron\source\repos\Chess-Game\ChessGame\ChessGame.cpp(307,19): warning C4244:         with
C:\Users\Aaron\source\repos\Chess-Game\ChessGame\ChessGame.cpp(307,19): warning C4244:         [
C:\Users\Aaron\source\repos\Chess-Game\ChessGame\ChessGame.cpp(307,19): warning C4244:             T=float
C:\Users\Aaron\source\repos\Chess-Game\ChessGame\ChessGame.cpp(307,19): warning C4244:         ]
C:\Users\Aaron\source\repos\Chess-Game\ChessGame\ChessGame.cpp(313,45): warning C4244:  'argument': conversion from 'int' to 'float', possible loss of data
C:\Users\Aaron\source\repos\Chess-Game\ChessGame\ChessGame.cpp(313,39): warning C4244:  'argument': conversion from 'int' to 'float', possible loss of data
C:\Users\Aaron\source\repos\Chess-Game\ChessGame\ChessGame.cpp(325,19): warning C4244:  '=': conversion from 'T' to 'int', possible loss of data
C:\Users\Aaron\source\repos\Chess-Game\ChessGame\ChessGame.cpp(325,19): warning C4244:         with
C:\Users\Aaron\source\repos\Chess-Game\ChessGame\ChessGame.cpp(325,19): warning C4244:         [
C:\Users\Aaron\source\repos\Chess-Game\ChessGame\ChessGame.cpp(325,19): warning C4244:             T=float
C:\Users\Aaron\source\repos\Chess-Game\ChessGame\ChessGame.cpp(325,19): warning C4244:         ]
C:\Users\Aaron\source\repos\Chess-Game\ChessGame\ChessGame.cpp(326,19): warning C4244:  '=': conversion from 'T' to 'int', possible loss of data
C:\Users\Aaron\source\repos\Chess-Game\ChessGame\ChessGame.cpp(326,19): warning C4244:         with
C:\Users\Aaron\source\repos\Chess-Game\ChessGame\ChessGame.cpp(326,19): warning C4244:         [
C:\Users\Aaron\source\repos\Chess-Game\ChessGame\ChessGame.cpp(326,19): warning C4244:             T=float
C:\Users\Aaron\source\repos\Chess-Game\ChessGame\ChessGame.cpp(326,19): warning C4244:         ]
C:\Users\Aaron\source\repos\Chess-Game\ChessGame\ChessGame.cpp(332,45): warning C4244:  'argument': conversion from 'int' to 'float', possible loss of data
C:\Users\Aaron\source\repos\Chess-Game\ChessGame\ChessGame.cpp(332,39): warning C4244:  'argument': conversion from 'int' to 'float', possible loss of data
C:\Users\Aaron\source\repos\Chess-Game\ChessGame\ChessGame.cpp(344,19): warning C4244:  '=': conversion from 'T' to 'int', possible loss of data
C:\Users\Aaron\source\repos\Chess-Game\ChessGame\ChessGame.cpp(344,19): warning C4244:         with
C:\Users\Aaron\source\repos\Chess-Game\ChessGame\ChessGame.cpp(344,19): warning C4244:         [
C:\Users\Aaron\source\repos\Chess-Game\ChessGame\ChessGame.cpp(344,19): warning C4244:             T=float
C:\Users\Aaron\source\repos\Chess-Game\ChessGame\ChessGame.cpp(344,19): warning C4244:         ]
C:\Users\Aaron\source\repos\Chess-Game\ChessGame\ChessGame.cpp(345,19): warning C4244:  '=': conversion from 'T' to 'int', possible loss of data
C:\Users\Aaron\source\repos\Chess-Game\ChessGame\ChessGame.cpp(345,19): warning C4244:         with
C:\Users\Aaron\source\repos\Chess-Game\ChessGame\ChessGame.cpp(345,19): warning C4244:         [
C:\Users\Aaron\source\repos\Chess-Game\ChessGame\ChessGame.cpp(345,19): warning C4244:             T=float
C:\Users\Aaron\source\repos\Chess-Game\ChessGame\ChessGame.cpp(345,19): warning C4244:         ]
C:\Users\Aaron\source\repos\Chess-Game\ChessGame\ChessGame.cpp(351,45): warning C4244:  'argument': conversion from 'int' to 'float', possible loss of data
C:\Users\Aaron\source\repos\Chess-Game\ChessGame\ChessGame.cpp(351,39): warning C4244:  'argument': conversion from 'int' to 'float', possible loss of data
C:\Users\Aaron\source\repos\Chess-Game\ChessGame\ChessGame.cpp(363,19): warning C4244:  '=': conversion from 'T' to 'int', possible loss of data
C:\Users\Aaron\source\repos\Chess-Game\ChessGame\ChessGame.cpp(363,19): warning C4244:         with
C:\Users\Aaron\source\repos\Chess-Game\ChessGame\ChessGame.cpp(363,19): warning C4244:         [
C:\Users\Aaron\source\repos\Chess-Game\ChessGame\ChessGame.cpp(363,19): warning C4244:             T=float
C:\Users\Aaron\source\repos\Chess-Game\ChessGame\ChessGame.cpp(363,19): warning C4244:         ]
C:\Users\Aaron\source\repos\Chess-Game\ChessGame\ChessGame.cpp(364,19): warning C4244:  '=': conversion from 'T' to 'int', possible loss of data
C:\Users\Aaron\source\repos\Chess-Game\ChessGame\ChessGame.cpp(364,19): warning C4244:         with
C:\Users\Aaron\source\repos\Chess-Game\ChessGame\ChessGame.cpp(364,19): warning C4244:         [
C:\Users\Aaron\source\repos\Chess-Game\ChessGame\ChessGame.cpp(364,19): warning C4244:             T=float
C:\Users\Aaron\source\repos\Chess-Game\ChessGame\ChessGame.cpp(364,19): warning C4244:         ]
C:\Users\Aaron\source\repos\Chess-Game\ChessGame\ChessGame.cpp(370,45): warning C4244:  'argument': conversion from 'int' to 'float', possible loss of data
  isValidBishop.cpp
  ValidMove.cpp
  Generating Code...
C:\Users\Aaron\source\repos\Chess-Game\ChessGame\ChessGame.cpp(370,39): warning C4244:  'argument': conversion from 'int' to 'float', possible loss of data
  ChessGame.vcxproj -> C:\Users\Aaron\source\repos\Chess-Game\Debug\ChessGame.exe
